CLIENT_HANDSHAKE_TRAFFIC_SECRET 776df7d27a1ce2074794a197bd9e07194c900529e72414ec56a46871735f27a8 167ce64dc435e2d09f08d243d4a171880a07e6c37fe49b8ae2a48d3bcce3b0c1
SERVER_HANDSHAKE_TRAFFIC_SECRET 776df7d27a1ce2074794a197bd9e07194c900529e72414ec56a46871735f27a8 e1601d6fd18384a82ed064a9420254b22d88410480f43eb5689d198ec74a7500
EXPORTER_SECRET 776df7d27a1ce2074794a197bd9e07194c900529e72414ec56a46871735f27a8 5e5e743212f19e18eb55a87de1405cab9705036f89693baa1bc9b3e55c44af2f
CLIENT_TRAFFIC_SECRET_0 776df7d27a1ce2074794a197bd9e07194c900529e72414ec56a46871735f27a8 fc57d619706cbc609738d406d6019f76ed5755e748e9dafdf7895347dfae0331
SERVER_TRAFFIC_SECRET_0 776df7d27a1ce2074794a197bd9e07194c900529e72414ec56a46871735f27a8 0046874c3940eabcc0d92c5eaaf2b4de5d5f0cb0086f5d8d9594d3b774b5b8d9
CLIENT_HANDSHAKE_TRAFFIC_SECRET 7afb01fb8c2af6f72a383c7bb013f776d51c58bcdf3b400d7aaa804c919738df 8244396a9b7822c6833cbc159844cc4bea306c986f61f5a1fe68248125c9ba9a
SERVER_HANDSHAKE_TRAFFIC_SECRET 7afb01fb8c2af6f72a383c7bb013f776d51c58bcdf3b400d7aaa804c919738df b454ff069789739724c8dbc6e23185954d4d13f0e991ada15e845d7521aad61e
EXPORTER_SECRET 7afb01fb8c2af6f72a383c7bb013f776d51c58bcdf3b400d7aaa804c919738df a246f43874aff78658a1d15bc2e8dcf91ca72140d7bb30cc26c97ac376acfbb3
CLIENT_TRAFFIC_SECRET_0 7afb01fb8c2af6f72a383c7bb013f776d51c58bcdf3b400d7aaa804c919738df 7923d5a36185a13fa694437ef15e0d10f894d55f2c8f1029513d9cd15db6fb43
SERVER_TRAFFIC_SECRET_0 7afb01fb8c2af6f72a383c7bb013f776d51c58bcdf3b400d7aaa804c919738df 9e10711236c8369982a2625a5762755d40231d6b356a15ecfdf41fb4abc4fc99
CLIENT_HANDSHAKE_TRAFFIC_SECRET 45027ab18de6c07040f24ff4825d35f9b40e81bfb6c1eb48d750ab548df1651a f6e11108f145c3f8b2095c3355b91cb15454437164491aedbdb48fe23e1273c5
SERVER_HANDSHAKE_TRAFFIC_SECRET 45027ab18de6c07040f24ff4825d35f9b40e81bfb6c1eb48d750ab548df1651a 70dc6d5cdd1bd3902790d4d4aa20a438427ee74a79adc844212824d33cf231f8
EXPORTER_SECRET 45027ab18de6c07040f24ff4825d35f9b40e81bfb6c1eb48d750ab548df1651a 4087d1eda14bf5991d4c785f99a4d562eaad365c105e80fdb9cefb3fe40899a1
CLIENT_TRAFFIC_SECRET_0 45027ab18de6c07040f24ff4825d35f9b40e81bfb6c1eb48d750ab548df1651a 6eae200f9aba06ea5eac341d7fca09453c2c9d3ae8662ac906d22f4b81678f34
SERVER_TRAFFIC_SECRET_0 45027ab18de6c07040f24ff4825d35f9b40e81bfb6c1eb48d750ab548df1651a 658683050e85ab6f67e7da26fecee9dbefb6dafdc385ca9f5ced20c371233d73
CLIENT_HANDSHAKE_TRAFFIC_SECRET db366fbf7503f188432649e54eb519ff3d15ade9dab0261a953739208dc4ad77 961bb5ce6d52cbca5b95dc4cd144df1882f0b87d18fab0cea48df5bf31db3cda
SERVER_HANDSHAKE_TRAFFIC_SECRET db366fbf7503f188432649e54eb519ff3d15ade9dab0261a953739208dc4ad77 f944bb5051bb25d8fe0fc6801b7a1cd6f87827b3a78f5054744dde390ab3f45b
EXPORTER_SECRET db366fbf7503f188432649e54eb519ff3d15ade9dab0261a953739208dc4ad77 09a3e03cb2b684efd4ec8fb4f037eaadabcbb0d8a8f95c34bf1a0235f38b0bf2
CLIENT_TRAFFIC_SECRET_0 db366fbf7503f188432649e54eb519ff3d15ade9dab0261a953739208dc4ad77 5f69d4f53e0319fae27157a40d6e857e36e0b1ccaa5c69ad7fee8c84b9f2429f
SERVER_TRAFFIC_SECRET_0 db366fbf7503f188432649e54eb519ff3d15ade9dab0261a953739208dc4ad77 5618d2ab7edb9165bb67e2e71e6708f028f2556b88b5f84eb2917dc20bd8b934
CLIENT_HANDSHAKE_TRAFFIC_SECRET 2dc695fe6492b6b4e120d3ff6089ee7b23419abf26dca7c1ec8621d6df4380da 74096a1a12f2e2ef4c0f17f28b5133a160bbff21615019733f7a19b55054c415
SERVER_HANDSHAKE_TRAFFIC_SECRET 2dc695fe6492b6b4e120d3ff6089ee7b23419abf26dca7c1ec8621d6df4380da dca5ec3abe66d400502ed36e2e29a1bcdee531b497ccdf3b4bfc6ed627b998b4
EXPORTER_SECRET 2dc695fe6492b6b4e120d3ff6089ee7b23419abf26dca7c1ec8621d6df4380da da8cfaf5543545f1c648e8882621a78e8144a6a7ec5aff3e682fd8c1dc882cae
CLIENT_TRAFFIC_SECRET_0 2dc695fe6492b6b4e120d3ff6089ee7b23419abf26dca7c1ec8621d6df4380da 35770dc8b95787ce5fc11ff47006896dafd44a763b2ba6ef6a718f71233dce4a
SERVER_TRAFFIC_SECRET_0 2dc695fe6492b6b4e120d3ff6089ee7b23419abf26dca7c1ec8621d6df4380da e508a743ced1f9e822d0acebdec45401c0f22a3f79b11e55372fb8a597a49140
CLIENT_HANDSHAKE_TRAFFIC_SECRET 31cf31676418eb1ee759f43b06be5c3d94c28fbf8a2b67c27ef02e4376176246 dd9c385699db63a15117f502c7e0856243d7bda45fcf405f0b4e08c98b76a370
SERVER_HANDSHAKE_TRAFFIC_SECRET 31cf31676418eb1ee759f43b06be5c3d94c28fbf8a2b67c27ef02e4376176246 37dd63fc7da0e0ab651c46630afa5bd276564f55ee3862b50810ffdb6f9c3eae
EXPORTER_SECRET 31cf31676418eb1ee759f43b06be5c3d94c28fbf8a2b67c27ef02e4376176246 21d0be27589bd9bb3da1cbba717a4fd4521cbc904bc1b799e9bc9ceeb85f10a8
CLIENT_TRAFFIC_SECRET_0 31cf31676418eb1ee759f43b06be5c3d94c28fbf8a2b67c27ef02e4376176246 d72d43f2ba9aa7b63f20993affa1d77ea1a0af3e4d69fb610a26811e7e192b82
SERVER_TRAFFIC_SECRET_0 31cf31676418eb1ee759f43b06be5c3d94c28fbf8a2b67c27ef02e4376176246 e96304ed002468ef7e8ad18b72c34fe25b5ffa43160503ea82cb0d5aa50d7368
